\BOOKMARK [1][-]{section.1}{\376\377\166\356\150\007\150\300\155\113\116\373\122\241\151\202\217\360}{}% 1
\BOOKMARK [2][-]{subsection.1.1}{\376\377\166\356\150\007\150\300\155\113\116\373\122\241\173\200\116\313}{section.1}% 2
\BOOKMARK [2][-]{subsection.1.2}{\376\377\166\356\150\007\150\300\155\113\123\206\123\362\170\024\172\166}{section.1}% 3
\BOOKMARK [1][-]{section.2}{\376\377\116\044\226\066\153\265\166\356\150\007\150\300\155\113\121\170\127\213\173\227\154\325}{}% 4
\BOOKMARK [2][-]{subsection.2.1}{\376\377\000R\000-\000C\000N\000N}{section.2}% 5
\BOOKMARK [2][-]{subsection.2.2}{\376\377\000F\000a\000s\000t\000\040\000R\000-\000C\000N\000N}{section.2}% 6
\BOOKMARK [2][-]{subsection.2.3}{\376\377\000F\000a\000s\000t\000e\000r\000\040\000R\000-\000C\000N\000N}{section.2}% 7
\BOOKMARK [2][-]{subsection.2.4}{\376\377\174\373\176\337\155\113\213\325}{section.2}% 8
\BOOKMARK [2][-]{subsection.2.5}{\376\377\133\236\232\214\134\017\176\323}{section.2}% 9
\BOOKMARK [1][-]{section.3}{\376\377\127\372\116\216\224\376\137\017\133\130\120\250\176\323\147\204\166\204\176\277\140\047\210\150\133\236\163\260}{}% 10
\BOOKMARK [2][-]{subsection.3.1}{\376\377\225\356\230\230\143\317\217\360}{section.3}% 11
\BOOKMARK [2][-]{subsection.3.2}{\376\377\174\373\176\337\213\276\213\241}{section.3}% 12
\BOOKMARK [2][-]{subsection.3.3}{\376\377\174\373\176\337\133\236\163\260}{section.3}% 13
\BOOKMARK [2][-]{subsection.3.4}{\376\377\174\373\176\337\155\113\213\325}{section.3}% 14
\BOOKMARK [2][-]{subsection.3.5}{\376\377\133\236\232\214\134\017\176\323}{section.3}% 15
\BOOKMARK [1][-]{section.4}{\376\377\127\372\116\216\116\214\123\311\224\376\210\150\166\204\116\214\123\311\150\021\133\236\163\260}{}% 16
\BOOKMARK [2][-]{subsection.4.1}{\376\377\225\356\230\230\143\317\217\360}{section.4}% 17
\BOOKMARK [2][-]{subsection.4.2}{\376\377\174\373\176\337\213\276\213\241}{section.4}% 18
\BOOKMARK [2][-]{subsection.4.3}{\376\377\174\373\176\337\133\236\163\260}{section.4}% 19
\BOOKMARK [2][-]{subsection.4.4}{\376\377\174\373\176\337\155\113\213\325}{section.4}% 20
\BOOKMARK [2][-]{subsection.4.5}{\376\377\133\236\232\214\134\017\176\323}{section.4}% 21
\BOOKMARK [1][-]{section.5}{\376\377\127\372\116\216\220\273\143\245\210\150\166\204\126\376\133\236\163\260}{}% 22
\BOOKMARK [2][-]{subsection.5.1}{\376\377\225\356\230\230\143\317\217\360}{section.5}% 23
\BOOKMARK [2][-]{subsection.5.2}{\376\377\174\373\176\337\213\276\213\241}{section.5}% 24
\BOOKMARK [2][-]{subsection.5.3}{\376\377\174\373\176\337\133\236\163\260}{section.5}% 25
\BOOKMARK [2][-]{subsection.5.4}{\376\377\174\373\176\337\155\113\213\325}{section.5}% 26
\BOOKMARK [2][-]{subsection.5.5}{\376\377\133\236\232\214\134\017\176\323}{section.5}% 27
\BOOKMARK [1][-]{section.6}{\376\377\213\376\172\013\166\204\145\066\203\267\124\214\136\372\213\256}{}% 28
\BOOKMARK [2][-]{subsection.6.1}{\376\377\127\372\116\216\230\172\136\217\133\130\120\250\176\323\147\204\166\204\176\277\140\047\210\150\133\236\163\260}{section.6}% 29
\BOOKMARK [2][-]{subsection.6.2}{\376\377\127\372\116\216\224\376\137\017\133\130\120\250\176\323\147\204\166\204\176\277\140\047\210\150\133\236\163\260}{section.6}% 30
\BOOKMARK [2][-]{subsection.6.3}{\376\377\127\372\116\216\116\214\123\311\224\376\210\150\166\204\116\214\123\311\150\021\133\236\163\260}{section.6}% 31
\BOOKMARK [2][-]{subsection.6.4}{\376\377\127\372\116\216\116\214\123\311\224\376\210\150\166\204\116\214\123\311\150\021\133\236\163\260}{section.6}% 32
\BOOKMARK [1][-]{section*.10}{\376\377\123\302\200\003\145\207\163\056}{}% 33
\BOOKMARK [1][-]{section*.11}{\376\377\226\104\137\125\000A\000\040\127\372\116\216\230\172\136\217\133\130\120\250\176\323\147\204\176\277\140\047\210\150\133\236\163\260\166\204\156\220\172\013\136\217}{}% 34
\BOOKMARK [1][-]{section*.12}{\376\377\226\104\137\125\000B\000\040\127\372\116\216\224\376\137\017\133\130\120\250\176\323\147\204\176\277\140\047\210\150\133\236\163\260\166\204\156\220\172\013\136\217}{}% 35
\BOOKMARK [1][-]{section*.13}{\376\377\226\104\137\125\000C\000\040\127\372\116\216\116\214\123\311\224\376\210\150\116\214\123\311\150\021\133\236\163\260\166\204\156\220\172\013\136\217}{}% 36
\BOOKMARK [1][-]{section*.14}{\376\377\226\104\137\125\000D\000\040\127\372\116\216\220\273\143\245\210\150\126\376\133\236\163\260\166\204\156\220\172\013\136\217}{}% 37
